info t=2019-03-05T09:43:29.998Z Cinnamon.AppSystem.get_default() started in 3255 ms
info t=2019-03-05T09:43:30.070Z loading user theme: /usr/share/themes/Linux Mint/cinnamon/cinnamon.css
info t=2019-03-05T09:43:30.271Z added icon directory: /usr/share/themes/Linux Mint/cinnamon
info t=2019-03-05T09:43:30.564Z PlacesManager: Updating devices
info t=2019-03-05T09:43:30.747Z loaded at Tue Mar 05 2019 12:43:30 GMT+0300 (EAT)
info t=2019-03-05T09:43:31.073Z Loaded applet systray@cinnamon.org in 259 ms
info t=2019-03-05T09:43:31.625Z Loaded applet menu@cinnamon.org in 551 ms
info t=2019-03-05T09:43:31.770Z Loaded applet show-desktop@cinnamon.org in 144 ms
info t=2019-03-05T09:43:31.977Z Role locked: panellauncher
info t=2019-03-05T09:43:31.978Z Loaded applet panel-launchers@cinnamon.org in 207 ms
info t=2019-03-05T09:43:32.161Z Loaded applet window-list@cinnamon.org in 182 ms
info t=2019-03-05T09:43:32.204Z Loaded applet keyboard@cinnamon.org in 42 ms
info t=2019-03-05T09:43:32.335Z Role locked: notifications
info t=2019-03-05T09:43:32.338Z Loaded applet notifications@cinnamon.org in 133 ms
info t=2019-03-05T09:43:32.367Z Loaded applet removable-drives@cinnamon.org in 28 ms
info t=2019-03-05T09:43:32.384Z Loaded applet user@cinnamon.org in 16 ms
info t=2019-03-05T09:43:32.532Z Loaded applet network@cinnamon.org in 147 ms
info t=2019-03-05T09:43:32.551Z Loaded applet power@cinnamon.org in 17 ms
info t=2019-03-05T09:43:32.610Z Loaded applet calendar@cinnamon.org in 57 ms
info t=2019-03-05T09:43:32.670Z Loaded applet sound@cinnamon.org in 58 ms
info t=2019-03-05T09:43:32.671Z AppletManager.init() started in 1924 ms
info t=2019-03-05T09:43:32.673Z Cinnamon took 7026 ms to start
info t=2019-03-05T09:43:33.322Z Adding systray: blueberry-tray.py (24x24px)
info t=2019-03-05T09:43:33.324Z Hiding systray: network
info t=2019-03-05T09:43:43.146Z Adding systray: mintupdate.py (24x24px)
